11:24:26.839 [main] INFO  - Goto my account-->Click on Login.. 
11:24:27.867 [main] INFO  - Entering email and password.. 
11:24:28.978 [main] INFO  - clicked on login button...
11:28:29.377 [main] INFO  - Goto my account-->Click on Login.. 
11:28:30.464 [main] INFO  - Entering email and password.. 
11:28:30.988 [main] INFO  - clicked on login button...
11:32:57.122 [main] INFO  - Goto my account-->Click on Login.. 
11:32:57.968 [main] INFO  - Entering email and password.. 
11:32:59.239 [main] INFO  - clicked on login button...
11:37:03.479 [main] INFO  - Goto my account-->Click on Login.. 
11:37:04.522 [main] INFO  - Entering email and password.. 
11:37:06.028 [main] INFO  - clicked on login button...
13:09:50.960 [main] INFO  - Goto my account-->Click on Login.. 
13:09:51.631 [main] INFO  - Entering email and password.. 
13:09:52.046 [main] INFO  - clicked on login button...
16:21:51.331 [main] INFO  - Goto my account-->Click on Login.. 
16:21:52.305 [main] INFO  - Entering email and password.. 
16:21:53.671 [main] INFO  - clicked on login button...
16:22:09.643 [main] INFO  - Goto my account-->Click on Login.. 
16:22:10.520 [main] INFO  - Entering email and password.. 
16:22:11.083 [main] INFO  - clicked on login button...
16:55:33.465 [main] INFO  - Goto my account-->Click on Login.. 
16:55:35.003 [main] DEBUG - Parsing relationship: /xl/_rels/workbook.xml.rels
16:55:35.008 [main] DEBUG - Parsing relationship: /xl/worksheets/_rels/sheet1.xml.rels
16:55:35.011 [main] DEBUG - Parsing relationship: /xl/worksheets/_rels/sheet2.xml.rels
16:55:35.014 [main] DEBUG - Parsing relationship: /_rels/.rels
16:55:35.329 [main] TRACE - Loading type system org.apache.poi.schemas.ooxml.system.ooxml
16:55:35.336 [main] TRACE - Loading type system org.apache.xmlbeans.metadata.system.sXMLCONFIG
16:55:35.337 [main] TRACE - Loading type system org.apache.xmlbeans.metadata.system.sXMLLANG
16:55:35.338 [main] TRACE - Loading type system org.apache.xmlbeans.metadata.system.sXMLSCHEMA
16:55:35.339 [main] TRACE - Loading type system org.apache.xmlbeans.metadata.system.sXMLTOOLS
16:55:35.343 [main] TRACE - Reading unresolved handles for type system org.apache.xmlbeans.metadata.system.sXMLTOOLS
16:55:35.373 [main] TRACE - Finished loading type system org.apache.xmlbeans.metadata.system.sXMLTOOLS
16:55:35.375 [main] TRACE - Reading unresolved handles for type system org.apache.xmlbeans.metadata.system.sXMLSCHEMA
16:55:35.386 [main] TRACE - Finished loading type system org.apache.xmlbeans.metadata.system.sXMLSCHEMA
16:55:35.388 [main] TRACE - Reading unresolved handles for type system org.apache.xmlbeans.metadata.system.sXMLLANG
16:55:35.391 [main] TRACE - Finished loading type system org.apache.xmlbeans.metadata.system.sXMLLANG
16:55:35.393 [main] TRACE - Reading unresolved handles for type system org.apache.xmlbeans.metadata.system.sXMLCONFIG
16:55:35.394 [main] TRACE - Finished loading type system org.apache.xmlbeans.metadata.system.sXMLCONFIG
16:55:35.397 [main] TRACE - Reading unresolved handles for type system org.apache.poi.schemas.ooxml.system.ooxml
16:55:35.532 [main] TRACE - Finished loading type system org.apache.poi.schemas.ooxml.system.ooxml
16:55:35.533 [main] TRACE - Resolving type for handle themefd26doctype
16:55:35.636 [main] TRACE - Resolving type for handle stylesheet5d8bdoctype
16:55:35.647 [main] TRACE - Resolving type for handle ctstylesheet4257type
16:55:35.655 [main] TRACE - Resolving type for handle ctfonts6623type
16:55:35.661 [main] TRACE - Resolving type for handle ctfont14d8type
16:55:35.683 [main] TRACE - Resolving type for handle ctfills2c6ftype
16:55:35.686 [main] TRACE - Resolving type for handle ctfill550ctype
16:55:35.689 [main] TRACE - Resolving type for handle ctborders0d66type
16:55:35.695 [main] TRACE - Resolving type for handle ctborderf935type
16:55:35.699 [main] TRACE - Resolving type for handle ctcellxfs1322type
16:55:35.705 [main] TRACE - Resolving type for handle ctxf97f7type
16:55:35.711 [main] TRACE - Resolving type for handle ctcellstylexfsa81ftype
16:55:35.715 [main] TRACE - Resolving type for handle ctdxfsb26atype
16:55:35.719 [main] TRACE - Resolving type for handle cttablestyles872ftype
16:55:35.730 [main] TRACE - Resolving type for handle sstf81fdoctype
16:55:35.738 [main] TRACE - Resolving type for handle ctsst44f3type
16:55:35.754 [main] TRACE - Resolving type for handle ctrsta472type
16:55:35.803 [main] DEBUG - using default POIXMLDocumentPart for http://schemas.openxmlformats.org/officeDocument/2006/relationships/printerSettings
16:55:35.804 [main] TRACE - Resolving type for handle workbookec17doctype
16:55:35.812 [main] TRACE - Resolving type for handle ctworkbook83c3type
16:55:35.824 [main] TRACE - Resolving type for handle ctsheets49fdtype
16:55:35.828 [main] TRACE - Resolving type for handle ctsheet4dbetype
16:55:35.832 [main] TRACE - Resolving type for handle strelationshipid1e94type
16:55:35.836 [main] TRACE - Resolving type for handle worksheetf539doctype
16:55:35.844 [main] TRACE - Resolving type for handle ctworksheet530dtype
16:55:35.884 [main] TRACE - Resolving type for handle ctcols627ctype
16:55:35.895 [main] TRACE - Resolving type for handle ctcola95ftype
16:55:35.929 [main] TRACE - Resolving type for handle ctsheetdata8408type
16:55:35.944 [main] TRACE - Resolving type for handle ctrowdd39type
16:55:35.953 [main] TRACE - Resolving type for handle ctcell842btype
16:55:35.972 [main] TRACE - Resolving type for handle stcellrefe4e0type
16:55:35.984 [main] TRACE - Resolving type for handle cthyperlinks6416type
16:55:35.991 [main] TRACE - Resolving type for handle cthyperlink0c85type
16:55:36.012 [main] TRACE - Resolving type for handle stxstringf179type
16:55:36.018 [main] TRACE - Resolving type for handle stcelltypebf95type
16:55:51.166 [main] INFO  - Goto my account-->Click on Login.. 
16:55:52.067 [main] DEBUG - Parsing relationship: /xl/_rels/workbook.xml.rels
16:55:52.070 [main] DEBUG - Parsing relationship: /xl/worksheets/_rels/sheet1.xml.rels
16:55:52.072 [main] DEBUG - Parsing relationship: /xl/worksheets/_rels/sheet2.xml.rels
16:55:52.077 [main] DEBUG - Parsing relationship: /_rels/.rels
16:55:52.108 [main] DEBUG - using default POIXMLDocumentPart for http://schemas.openxmlformats.org/officeDocument/2006/relationships/printerSettings
17:02:15.850 [main] INFO  - Goto my account-->Click on Login.. 
17:02:17.226 [main] DEBUG - Parsing relationship: /_rels/.rels
17:02:17.593 [main] TRACE - Loading type system org.apache.poi.schemas.ooxml.system.ooxml
17:02:17.602 [main] TRACE - Loading type system org.apache.xmlbeans.metadata.system.sXMLCONFIG
17:02:17.602 [main] TRACE - Loading type system org.apache.xmlbeans.metadata.system.sXMLLANG
17:02:17.602 [main] TRACE - Loading type system org.apache.xmlbeans.metadata.system.sXMLSCHEMA
17:02:17.602 [main] TRACE - Loading type system org.apache.xmlbeans.metadata.system.sXMLTOOLS
17:02:17.602 [main] TRACE - Reading unresolved handles for type system org.apache.xmlbeans.metadata.system.sXMLTOOLS
17:02:17.646 [main] TRACE - Finished loading type system org.apache.xmlbeans.metadata.system.sXMLTOOLS
17:02:17.646 [main] TRACE - Reading unresolved handles for type system org.apache.xmlbeans.metadata.system.sXMLSCHEMA
17:02:17.695 [main] TRACE - Finished loading type system org.apache.xmlbeans.metadata.system.sXMLSCHEMA
17:02:17.695 [main] TRACE - Reading unresolved handles for type system org.apache.xmlbeans.metadata.system.sXMLLANG
17:02:17.705 [main] TRACE - Finished loading type system org.apache.xmlbeans.metadata.system.sXMLLANG
17:02:17.712 [main] TRACE - Reading unresolved handles for type system org.apache.xmlbeans.metadata.system.sXMLCONFIG
17:02:17.712 [main] TRACE - Finished loading type system org.apache.xmlbeans.metadata.system.sXMLCONFIG
17:02:17.721 [main] TRACE - Reading unresolved handles for type system org.apache.poi.schemas.ooxml.system.ooxml
17:02:17.954 [main] TRACE - Finished loading type system org.apache.poi.schemas.ooxml.system.ooxml
17:02:17.956 [main] TRACE - Resolving type for handle workbookec17doctype
17:02:22.795 [main] INFO  - Goto my account-->Click on Login.. 
17:02:23.749 [main] DEBUG - Parsing relationship: /_rels/.rels
17:02:29.327 [main] INFO  - Goto my account-->Click on Login.. 
17:02:30.210 [main] DEBUG - Parsing relationship: /_rels/.rels
17:02:36.381 [main] INFO  - Goto my account-->Click on Login.. 
17:02:37.350 [main] DEBUG - Parsing relationship: /_rels/.rels
17:02:42.359 [main] INFO  - Goto my account-->Click on Login.. 
17:02:43.455 [main] DEBUG - Parsing relationship: /_rels/.rels
17:10:03.440 [main] INFO  - Goto my account-->Click on Login.. 
17:10:04.861 [main] DEBUG - Parsing relationship: /xl/_rels/workbook.xml.rels
17:10:04.870 [main] DEBUG - Parsing relationship: /xl/worksheets/_rels/sheet1.xml.rels
17:10:04.876 [main] DEBUG - Parsing relationship: /_rels/.rels
17:10:05.476 [main] TRACE - Loading type system org.apache.poi.schemas.ooxml.system.ooxml
17:10:05.483 [main] TRACE - Loading type system org.apache.xmlbeans.metadata.system.sXMLCONFIG
17:10:05.485 [main] TRACE - Loading type system org.apache.xmlbeans.metadata.system.sXMLLANG
17:10:05.486 [main] TRACE - Loading type system org.apache.xmlbeans.metadata.system.sXMLSCHEMA
17:10:05.488 [main] TRACE - Loading type system org.apache.xmlbeans.metadata.system.sXMLTOOLS
17:10:05.491 [main] TRACE - Reading unresolved handles for type system org.apache.xmlbeans.metadata.system.sXMLTOOLS
17:10:05.524 [main] TRACE - Finished loading type system org.apache.xmlbeans.metadata.system.sXMLTOOLS
17:10:05.527 [main] TRACE - Reading unresolved handles for type system org.apache.xmlbeans.metadata.system.sXMLSCHEMA
17:10:05.545 [main] TRACE - Finished loading type system org.apache.xmlbeans.metadata.system.sXMLSCHEMA
17:10:05.550 [main] TRACE - Reading unresolved handles for type system org.apache.xmlbeans.metadata.system.sXMLLANG
17:10:05.554 [main] TRACE - Finished loading type system org.apache.xmlbeans.metadata.system.sXMLLANG
17:10:05.558 [main] TRACE - Reading unresolved handles for type system org.apache.xmlbeans.metadata.system.sXMLCONFIG
17:10:05.562 [main] TRACE - Finished loading type system org.apache.xmlbeans.metadata.system.sXMLCONFIG
17:10:05.567 [main] TRACE - Reading unresolved handles for type system org.apache.poi.schemas.ooxml.system.ooxml
17:10:05.815 [main] TRACE - Finished loading type system org.apache.poi.schemas.ooxml.system.ooxml
17:10:05.817 [main] TRACE - Resolving type for handle themefd26doctype
17:10:05.977 [main] TRACE - Resolving type for handle stylesheet5d8bdoctype
17:10:05.997 [main] TRACE - Resolving type for handle ctstylesheet4257type
17:10:06.018 [main] TRACE - Resolving type for handle ctfonts6623type
17:10:06.030 [main] TRACE - Resolving type for handle ctfont14d8type
17:10:06.051 [main] TRACE - Resolving type for handle ctfills2c6ftype
17:10:06.065 [main] TRACE - Resolving type for handle ctfill550ctype
17:10:06.074 [main] TRACE - Resolving type for handle ctborders0d66type
17:10:06.087 [main] TRACE - Resolving type for handle ctborderf935type
17:10:06.102 [main] TRACE - Resolving type for handle ctcellxfs1322type
17:10:06.115 [main] TRACE - Resolving type for handle ctxf97f7type
17:10:06.130 [main] TRACE - Resolving type for handle ctcellstylexfsa81ftype
17:10:06.141 [main] TRACE - Resolving type for handle ctdxfsb26atype
17:10:06.152 [main] TRACE - Resolving type for handle cttablestyles872ftype
17:10:06.167 [main] TRACE - Resolving type for handle sstf81fdoctype
17:10:06.184 [main] TRACE - Resolving type for handle ctsst44f3type
17:10:06.230 [main] TRACE - Resolving type for handle ctrsta472type
17:10:06.277 [main] TRACE - Resolving type for handle workbookec17doctype
17:10:06.286 [main] TRACE - Resolving type for handle ctworkbook83c3type
17:10:06.305 [main] TRACE - Resolving type for handle ctsheets49fdtype
17:10:06.311 [main] TRACE - Resolving type for handle ctsheet4dbetype
17:10:06.317 [main] TRACE - Resolving type for handle strelationshipid1e94type
17:10:06.324 [main] TRACE - Resolving type for handle worksheetf539doctype
17:10:06.351 [main] TRACE - Resolving type for handle ctworksheet530dtype
17:10:06.383 [main] TRACE - Resolving type for handle ctcols627ctype
17:10:06.397 [main] TRACE - Resolving type for handle ctcola95ftype
17:10:06.441 [main] TRACE - Resolving type for handle ctsheetdata8408type
17:10:06.448 [main] TRACE - Resolving type for handle ctrowdd39type
17:10:06.464 [main] TRACE - Resolving type for handle ctcell842btype
17:10:06.490 [main] TRACE - Resolving type for handle stcellrefe4e0type
17:10:06.504 [main] TRACE - Resolving type for handle cthyperlinks6416type
17:10:06.511 [main] TRACE - Resolving type for handle cthyperlink0c85type
17:10:06.540 [main] TRACE - Resolving type for handle stxstringf179type
17:10:06.547 [main] TRACE - Resolving type for handle stcelltypebf95type
17:10:24.767 [main] INFO  - Goto my account-->Click on Login.. 
17:10:25.639 [main] DEBUG - Parsing relationship: /xl/_rels/workbook.xml.rels
17:10:25.643 [main] DEBUG - Parsing relationship: /xl/worksheets/_rels/sheet1.xml.rels
17:10:25.647 [main] DEBUG - Parsing relationship: /_rels/.rels
17:10:50.271 [main] INFO  - Goto my account-->Click on Login.. 
17:10:51.018 [main] DEBUG - Parsing relationship: /xl/_rels/workbook.xml.rels
17:10:51.022 [main] DEBUG - Parsing relationship: /xl/worksheets/_rels/sheet1.xml.rels
17:10:51.025 [main] DEBUG - Parsing relationship: /_rels/.rels
18:17:11.949 [main] INFO  - Goto my account-->Click on Login.. 
18:17:12.498 [main] INFO  - Entering email and password.. 
18:17:12.936 [main] INFO  - clicked on login button...
18:20:02.002 [main] INFO  - Goto my account-->Click on Login.. 
18:20:02.661 [main] INFO  - Entering email and password.. 
18:20:03.152 [main] INFO  - clicked on login button...
18:22:55.504 [main] INFO  - Goto my account-->Click on Login.. 
18:22:56.058 [main] INFO  - Entering email and password.. 
18:22:56.535 [main] INFO  - clicked on login button...
18:23:48.549 [main] INFO  - Goto my account-->Click on Login.. 
18:23:49.136 [main] INFO  - Entering email and password.. 
18:23:49.570 [main] INFO  - clicked on login button...
18:37:31.930 [main] INFO  - Goto my account-->Click on Login.. 
18:37:32.559 [main] INFO  - Entering email and password.. 
18:37:33.002 [main] INFO  - clicked on login button...
18:39:47.879 [main] INFO  - Goto my account-->Click on Login.. 
18:39:48.546 [main] INFO  - Entering email and password.. 
18:39:49.029 [main] INFO  - clicked on login button...
18:43:13.692 [main] INFO  - Goto my account-->Click on Login.. 
18:43:14.323 [main] INFO  - Entering email and password.. 
18:43:14.824 [main] INFO  - clicked on login button...
12:14:17.360 [main] INFO  - Goto my account-->Click on Login.. 
12:14:18.188 [main] INFO  - Entering email and password.. 
12:14:19.702 [main] INFO  - clicked on login button...
